{
  "/Users/millroyfernandes/Development/oauth-server/packages/backend/models/OIDCStore.ts": {
    "path": "/Users/millroyfernandes/Development/oauth-server/packages/backend/models/OIDCStore.ts",
    "statementMap": {
      "0": {
        "start": { "line": 1, "column": 0 },
        "end": { "line": 1, "column": 34 }
      },
      "1": {
        "start": { "line": 3, "column": 26 },
        "end": { "line": 3, "column": 35 }
      },
      "2": {
        "start": { "line": 5, "column": 24 },
        "end": { "line": 30, "column": null }
      },
      "3": {
        "start": { "line": 32, "column": 18 },
        "end": { "line": 40, "column": 2 }
      },
      "4": {
        "start": { "line": 42, "column": 0 },
        "end": { "line": 42, "column": 25 }
      }
    },
    "fnMap": {},
    "branchMap": {},
    "s": { "0": 1, "1": 1, "2": 1, "3": 1, "4": 1 },
    "f": {},
    "b": {}
  },
  "/Users/millroyfernandes/Development/oauth-server/packages/backend/models/OTP.ts": {
    "path": "/Users/millroyfernandes/Development/oauth-server/packages/backend/models/OTP.ts",
    "statementMap": {
      "0": {
        "start": { "line": 1, "column": 0 },
        "end": { "line": 1, "column": 34 }
      },
      "1": {
        "start": { "line": 2, "column": 0 },
        "end": { "line": 2, "column": 34 }
      },
      "2": {
        "start": { "line": 3, "column": 0 },
        "end": { "line": 3, "column": 40 }
      },
      "3": {
        "start": { "line": 5, "column": 0 },
        "end": { "line": 5, "column": 66 }
      },
      "4": {
        "start": { "line": 7, "column": 26 },
        "end": { "line": 7, "column": 35 }
      },
      "5": {
        "start": { "line": 9, "column": 18 },
        "end": { "line": 35, "column": null }
      },
      "6": {
        "start": { "line": 14, "column": 21 },
        "end": { "line": 14, "column": 27 }
      },
      "7": {
        "start": { "line": 19, "column": 8 },
        "end": { "line": 19, "column": 59 }
      },
      "8": {
        "start": { "line": 21, "column": 8 },
        "end": { "line": 21, "column": 59 }
      },
      "9": {
        "start": { "line": 37, "column": 12 },
        "end": { "line": 45, "column": 2 }
      },
      "10": {
        "start": { "line": 47, "column": 0 },
        "end": { "line": 47, "column": 19 }
      }
    },
    "fnMap": {
      "0": {
        "name": "(anonymous_1)",
        "decl": {
          "start": { "line": 14, "column": 15 },
          "end": { "line": 14, "column": 18 }
        },
        "loc": {
          "start": { "line": 14, "column": 21 },
          "end": { "line": 14, "column": 27 }
        }
      },
      "1": {
        "name": "(anonymous_2)",
        "decl": {
          "start": { "line": 18, "column": 11 },
          "end": { "line": 18, "column": 12 }
        },
        "loc": {
          "start": { "line": 19, "column": 8 },
          "end": { "line": 19, "column": 59 }
        }
      },
      "2": {
        "name": "(anonymous_3)",
        "decl": {
          "start": { "line": 20, "column": 11 },
          "end": { "line": 20, "column": 12 }
        },
        "loc": {
          "start": { "line": 21, "column": 8 },
          "end": { "line": 21, "column": 59 }
        }
      }
    },
    "branchMap": {
      "0": {
        "loc": {
          "start": { "line": 19, "column": 8 },
          "end": { "line": 19, "column": 59 }
        },
        "type": "cond-expr",
        "locations": [
          {
            "start": { "line": 19, "column": 26 },
            "end": { "line": 19, "column": 54 }
          },
          {
            "start": { "line": 19, "column": 57 },
            "end": { "line": 19, "column": 59 }
          }
        ]
      },
      "1": {
        "loc": {
          "start": { "line": 21, "column": 8 },
          "end": { "line": 21, "column": 59 }
        },
        "type": "cond-expr",
        "locations": [
          {
            "start": { "line": 21, "column": 26 },
            "end": { "line": 21, "column": 54 }
          },
          {
            "start": { "line": 21, "column": 57 },
            "end": { "line": 21, "column": 59 }
          }
        ]
      }
    },
    "s": {
      "0": 1,
      "1": 1,
      "2": 1,
      "3": 1,
      "4": 1,
      "5": 1,
      "6": 0,
      "7": 0,
      "8": 0,
      "9": 1,
      "10": 1
    },
    "f": { "0": 0, "1": 0, "2": 0 },
    "b": { "0": [0, 0], "1": [0, 0] }
  },
  "/Users/millroyfernandes/Development/oauth-server/packages/backend/models/User.ts": {
    "path": "/Users/millroyfernandes/Development/oauth-server/packages/backend/models/User.ts",
    "statementMap": {
      "0": {
        "start": { "line": 1, "column": 0 },
        "end": { "line": 1, "column": 34 }
      },
      "1": {
        "start": { "line": 2, "column": 0 },
        "end": { "line": 2, "column": 30 }
      },
      "2": {
        "start": { "line": 3, "column": 0 },
        "end": { "line": 3, "column": 34 }
      },
      "3": {
        "start": { "line": 5, "column": 0 },
        "end": { "line": 5, "column": 66 }
      },
      "4": {
        "start": { "line": 7, "column": 26 },
        "end": { "line": 7, "column": 35 }
      },
      "5": {
        "start": { "line": 9, "column": 19 },
        "end": { "line": 137, "column": null }
      },
      "6": {
        "start": { "line": 14, "column": 21 },
        "end": { "line": 14, "column": 27 }
      },
      "7": {
        "start": { "line": 42, "column": 37 },
        "end": { "line": 54, "column": null }
      },
      "8": {
        "start": { "line": 43, "column": 8 },
        "end": { "line": 45, "column": 9 }
      },
      "9": {
        "start": { "line": 44, "column": 10 },
        "end": { "line": 44, "column": 20 }
      },
      "10": {
        "start": { "line": 47, "column": 8 },
        "end": { "line": 49, "column": 9 }
      },
      "11": {
        "start": { "line": 48, "column": 10 },
        "end": { "line": 48, "column": 23 }
      },
      "12": {
        "start": { "line": 51, "column": 21 },
        "end": { "line": 51, "column": 45 }
      },
      "13": {
        "start": { "line": 52, "column": 34 },
        "end": { "line": 52, "column": 74 }
      },
      "14": {
        "start": { "line": 53, "column": 8 },
        "end": { "line": 53, "column": 33 }
      },
      "15": {
        "start": { "line": 72, "column": 16 },
        "end": { "line": 72, "column": 57 }
      },
      "16": {
        "start": { "line": 74, "column": 16 },
        "end": { "line": 74, "column": 57 }
      },
      "17": {
        "start": { "line": 139, "column": 13 },
        "end": { "line": 139, "column": 38 }
      },
      "18": {
        "start": { "line": 141, "column": 0 },
        "end": { "line": 141, "column": 20 }
      }
    },
    "fnMap": {
      "0": {
        "name": "(anonymous_8)",
        "decl": {
          "start": { "line": 14, "column": 15 },
          "end": { "line": 14, "column": 18 }
        },
        "loc": {
          "start": { "line": 14, "column": 21 },
          "end": { "line": 14, "column": 27 }
        }
      },
      "1": {
        "name": "(anonymous_9)",
        "decl": {
          "start": { "line": 42, "column": 11 },
          "end": { "line": 42, "column": 18 }
        },
        "loc": {
          "start": { "line": 42, "column": 37 },
          "end": { "line": 54, "column": null }
        }
      },
      "2": {
        "name": "(anonymous_10)",
        "decl": {
          "start": { "line": 42, "column": 37 },
          "end": { "line": 42, "column": null }
        },
        "loc": {
          "start": { "line": 42, "column": 37 },
          "end": { "line": 54, "column": 7 }
        }
      },
      "3": {
        "name": "(anonymous_11)",
        "decl": {
          "start": { "line": 71, "column": 19 },
          "end": { "line": 71, "column": 20 }
        },
        "loc": {
          "start": { "line": 72, "column": 16 },
          "end": { "line": 72, "column": 57 }
        }
      },
      "4": {
        "name": "(anonymous_12)",
        "decl": {
          "start": { "line": 73, "column": 19 },
          "end": { "line": 73, "column": 20 }
        },
        "loc": {
          "start": { "line": 74, "column": 16 },
          "end": { "line": 74, "column": 57 }
        }
      }
    },
    "branchMap": {
      "0": {
        "loc": {
          "start": { "line": 43, "column": 8 },
          "end": { "line": 45, "column": 9 }
        },
        "type": "if",
        "locations": [
          {
            "start": { "line": 43, "column": 8 },
            "end": { "line": 45, "column": 9 }
          }
        ]
      },
      "1": {
        "loc": {
          "start": { "line": 47, "column": 8 },
          "end": { "line": 49, "column": 9 }
        },
        "type": "if",
        "locations": [
          {
            "start": { "line": 47, "column": 8 },
            "end": { "line": 49, "column": 9 }
          }
        ]
      },
      "2": {
        "loc": {
          "start": { "line": 72, "column": 16 },
          "end": { "line": 72, "column": 57 }
        },
        "type": "cond-expr",
        "locations": [
          {
            "start": { "line": 72, "column": 24 },
            "end": { "line": 72, "column": 52 }
          },
          {
            "start": { "line": 72, "column": 55 },
            "end": { "line": 72, "column": 57 }
          }
        ]
      },
      "3": {
        "loc": {
          "start": { "line": 74, "column": 16 },
          "end": { "line": 74, "column": 57 }
        },
        "type": "cond-expr",
        "locations": [
          {
            "start": { "line": 74, "column": 24 },
            "end": { "line": 74, "column": 52 }
          },
          {
            "start": { "line": 74, "column": 55 },
            "end": { "line": 74, "column": 57 }
          }
        ]
      }
    },
    "s": {
      "0": 1,
      "1": 1,
      "2": 1,
      "3": 1,
      "4": 1,
      "5": 1,
      "6": 0,
      "7": 0,
      "8": 0,
      "9": 0,
      "10": 0,
      "11": 0,
      "12": 0,
      "13": 0,
      "14": 0,
      "15": 0,
      "16": 0,
      "17": 1,
      "18": 1
    },
    "f": { "0": 0, "1": 0, "2": 0, "3": 0, "4": 0 },
    "b": { "0": [0], "1": [0], "2": [0, 0], "3": [0, 0] }
  },
  "/Users/millroyfernandes/Development/oauth-server/packages/backend/services/oidc.ts": {
    "path": "/Users/millroyfernandes/Development/oauth-server/packages/backend/services/oidc.ts",
    "statementMap": {
      "0": {
        "start": { "line": 4, "column": 0 },
        "end": { "line": 4, "column": 47 }
      },
      "1": {
        "start": { "line": 16, "column": 28 },
        "end": { "line": 21, "column": 13 }
      },
      "2": {
        "start": { "line": 22, "column": 21 },
        "end": { "line": 28, "column": 7 }
      },
      "3": {
        "start": { "line": 22, "column": 75 },
        "end": { "line": 28, "column": 7 }
      },
      "4": {
        "start": { "line": 29, "column": 4 },
        "end": { "line": 29, "column": 20 }
      },
      "5": {
        "start": { "line": 33, "column": 20 },
        "end": { "line": 38, "column": 13 }
      },
      "6": {
        "start": { "line": 40, "column": 4 },
        "end": { "line": 40, "column": 48 }
      },
      "7": {
        "start": { "line": 42, "column": 4 },
        "end": { "line": 42, "column": 16 }
      },
      "8": {
        "start": { "line": 46, "column": 22 },
        "end": { "line": 46, "column": 78 }
      },
      "9": {
        "start": { "line": 48, "column": 4 },
        "end": { "line": 73, "column": 5 }
      },
      "10": {
        "start": { "line": 49, "column": 19 },
        "end": { "line": 49, "column": 57 }
      },
      "11": {
        "start": { "line": 51, "column": 6 },
        "end": { "line": 59, "column": 7 }
      },
      "12": {
        "start": { "line": 52, "column": 28 },
        "end": { "line": 52, "column": 37 }
      },
      "13": {
        "start": { "line": 54, "column": 8 },
        "end": { "line": 58, "column": 9 }
      },
      "14": {
        "start": { "line": 55, "column": 29 },
        "end": { "line": 55, "column": 79 }
      },
      "15": {
        "start": { "line": 56, "column": 10 },
        "end": { "line": 56, "column": 57 }
      },
      "16": {
        "start": { "line": 57, "column": 10 },
        "end": { "line": 57, "column": 53 }
      },
      "17": {
        "start": { "line": 61, "column": 28 },
        "end": { "line": 66, "column": 15 }
      },
      "18": {
        "start": { "line": 68, "column": 6 },
        "end": { "line": 70, "column": 7 }
      },
      "19": {
        "start": { "line": 69, "column": 8 },
        "end": { "line": 69, "column": 35 }
      },
      "20": {
        "start": { "line": 72, "column": 6 },
        "end": { "line": 72, "column": 29 }
      },
      "21": {
        "start": { "line": 75, "column": 4 },
        "end": { "line": 75, "column": 16 }
      },
      "22": {
        "start": { "line": 81, "column": 4 },
        "end": { "line": 91, "column": 5 }
      },
      "23": {
        "start": { "line": 82, "column": 23 },
        "end": { "line": 85, "column": 12 }
      },
      "24": {
        "start": { "line": 83, "column": 8 },
        "end": { "line": 83, "column": 28 }
      },
      "25": {
        "start": { "line": 84, "column": 8 },
        "end": { "line": 84, "column": 19 }
      },
      "26": {
        "start": { "line": 87, "column": 23 },
        "end": { "line": 87, "column": 60 }
      },
      "27": {
        "start": { "line": 88, "column": 6 },
        "end": { "line": 90, "column": 8 }
      },
      "28": {
        "start": { "line": 95, "column": 0 },
        "end": { "line": 95, "column": 27 }
      }
    },
    "fnMap": {
      "0": {
        "name": "(anonymous_8)",
        "decl": {
          "start": { "line": 15, "column": 9 },
          "end": { "line": 15, "column": 15 }
        },
        "loc": {
          "start": { "line": 15, "column": 48 },
          "end": { "line": 30, "column": null }
        }
      },
      "1": {
        "name": "(anonymous_10)",
        "decl": {
          "start": { "line": 22, "column": 50 },
          "end": { "line": 22, "column": 51 }
        },
        "loc": {
          "start": { "line": 22, "column": 74 },
          "end": { "line": 28, "column": 7 }
        }
      },
      "2": {
        "name": "(anonymous_11)",
        "decl": {
          "start": { "line": 32, "column": 9 },
          "end": { "line": 32, "column": 15 }
        },
        "loc": {
          "start": { "line": 32, "column": 54 },
          "end": { "line": 43, "column": null }
        }
      },
      "3": {
        "name": "(anonymous_13)",
        "decl": {
          "start": { "line": 45, "column": 9 },
          "end": { "line": 45, "column": 15 }
        },
        "loc": {
          "start": { "line": 45, "column": 53 },
          "end": { "line": 76, "column": null }
        }
      },
      "4": {
        "name": "(anonymous_15)",
        "decl": {
          "start": { "line": 78, "column": 9 },
          "end": { "line": 78, "column": 15 }
        },
        "loc": {
          "start": { "line": 79, "column": 59 },
          "end": { "line": 92, "column": null }
        }
      },
      "5": {
        "name": "(anonymous_17)",
        "decl": {
          "start": { "line": 82, "column": 47 },
          "end": { "line": 82, "column": 48 }
        },
        "loc": {
          "start": { "line": 82, "column": 73 },
          "end": { "line": 85, "column": 7 }
        }
      }
    },
    "branchMap": {
      "0": {
        "loc": {
          "start": { "line": 25, "column": 27 },
          "end": { "line": 25, "column": 65 }
        },
        "type": "cond-expr",
        "locations": [
          {
            "start": { "line": 25, "column": 59 },
            "end": { "line": 25, "column": 63 }
          },
          {
            "start": { "line": 25, "column": 63 },
            "end": { "line": 25, "column": 65 }
          }
        ]
      },
      "1": {
        "loc": {
          "start": { "line": 25, "column": 27 },
          "end": { "line": 25, "column": 63 }
        },
        "type": "binary-expr",
        "locations": [
          {
            "start": { "line": 25, "column": 27 },
            "end": { "line": 25, "column": 63 }
          },
          {
            "start": { "line": 25, "column": 59 },
            "end": { "line": 25, "column": 63 }
          }
        ]
      },
      "2": {
        "loc": {
          "start": { "line": 25, "column": 27 },
          "end": { "line": 25, "column": 59 }
        },
        "type": "cond-expr",
        "locations": [
          {
            "start": { "line": 25, "column": 43 },
            "end": { "line": 25, "column": 45 }
          },
          {
            "start": { "line": 25, "column": 43 },
            "end": { "line": 25, "column": 59 }
          }
        ]
      },
      "3": {
        "loc": {
          "start": { "line": 25, "column": 27 },
          "end": { "line": 25, "column": 45 }
        },
        "type": "binary-expr",
        "locations": [
          {
            "start": { "line": 25, "column": 27 },
            "end": { "line": 25, "column": 45 }
          },
          {
            "start": { "line": 25, "column": 43 },
            "end": { "line": 25, "column": 45 }
          }
        ]
      },
      "4": {
        "loc": {
          "start": { "line": 25, "column": 27 },
          "end": { "line": 25, "column": 43 }
        },
        "type": "cond-expr",
        "locations": [
          {
            "start": { "line": 25, "column": 34 },
            "end": { "line": 25, "column": 36 }
          },
          {
            "start": { "line": 25, "column": 27 },
            "end": { "line": 25, "column": 43 }
          }
        ]
      },
      "5": {
        "loc": {
          "start": { "line": 25, "column": 27 },
          "end": { "line": 25, "column": 36 }
        },
        "type": "binary-expr",
        "locations": [
          {
            "start": { "line": 25, "column": 27 },
            "end": { "line": 25, "column": 36 }
          },
          {
            "start": { "line": 25, "column": 27 },
            "end": { "line": 25, "column": 36 }
          }
        ]
      },
      "6": {
        "loc": {
          "start": { "line": 48, "column": 4 },
          "end": { "line": 73, "column": 5 }
        },
        "type": "if",
        "locations": [
          {
            "start": { "line": 48, "column": 4 },
            "end": { "line": 73, "column": 5 }
          }
        ]
      },
      "7": {
        "loc": {
          "start": { "line": 49, "column": 19 },
          "end": { "line": 49, "column": 57 }
        },
        "type": "cond-expr",
        "locations": [
          {
            "start": { "line": 49, "column": 51 },
            "end": { "line": 49, "column": 55 }
          },
          {
            "start": { "line": 49, "column": 55 },
            "end": { "line": 49, "column": 57 }
          }
        ]
      },
      "8": {
        "loc": {
          "start": { "line": 49, "column": 19 },
          "end": { "line": 49, "column": 55 }
        },
        "type": "binary-expr",
        "locations": [
          {
            "start": { "line": 49, "column": 19 },
            "end": { "line": 49, "column": 55 }
          },
          {
            "start": { "line": 49, "column": 51 },
            "end": { "line": 49, "column": 55 }
          }
        ]
      },
      "9": {
        "loc": {
          "start": { "line": 49, "column": 19 },
          "end": { "line": 49, "column": 51 }
        },
        "type": "cond-expr",
        "locations": [
          {
            "start": { "line": 49, "column": 35 },
            "end": { "line": 49, "column": 37 }
          },
          {
            "start": { "line": 49, "column": 35 },
            "end": { "line": 49, "column": 51 }
          }
        ]
      },
      "10": {
        "loc": {
          "start": { "line": 49, "column": 19 },
          "end": { "line": 49, "column": 37 }
        },
        "type": "binary-expr",
        "locations": [
          {
            "start": { "line": 49, "column": 19 },
            "end": { "line": 49, "column": 37 }
          },
          {
            "start": { "line": 49, "column": 35 },
            "end": { "line": 49, "column": 37 }
          }
        ]
      },
      "11": {
        "loc": {
          "start": { "line": 49, "column": 19 },
          "end": { "line": 49, "column": 35 }
        },
        "type": "cond-expr",
        "locations": [
          {
            "start": { "line": 49, "column": 26 },
            "end": { "line": 49, "column": 28 }
          },
          {
            "start": { "line": 49, "column": 19 },
            "end": { "line": 49, "column": 35 }
          }
        ]
      },
      "12": {
        "loc": {
          "start": { "line": 49, "column": 19 },
          "end": { "line": 49, "column": 28 }
        },
        "type": "binary-expr",
        "locations": [
          {
            "start": { "line": 49, "column": 19 },
            "end": { "line": 49, "column": 28 }
          },
          {
            "start": { "line": 49, "column": 19 },
            "end": { "line": 49, "column": 28 }
          }
        ]
      },
      "13": {
        "loc": {
          "start": { "line": 54, "column": 8 },
          "end": { "line": 58, "column": 9 }
        },
        "type": "if",
        "locations": [
          {
            "start": { "line": 54, "column": 8 },
            "end": { "line": 58, "column": 9 }
          }
        ]
      },
      "14": {
        "loc": {
          "start": { "line": 68, "column": 6 },
          "end": { "line": 70, "column": 7 }
        },
        "type": "if",
        "locations": [
          {
            "start": { "line": 68, "column": 6 },
            "end": { "line": 70, "column": 7 }
          }
        ]
      },
      "15": {
        "loc": {
          "start": { "line": 81, "column": 4 },
          "end": { "line": 91, "column": 5 }
        },
        "type": "if",
        "locations": [
          {
            "start": { "line": 81, "column": 4 },
            "end": { "line": 91, "column": 5 }
          }
        ]
      }
    },
    "s": {
      "0": 1,
      "1": 0,
      "2": 0,
      "3": 0,
      "4": 0,
      "5": 0,
      "6": 0,
      "7": 0,
      "8": 0,
      "9": 0,
      "10": 0,
      "11": 0,
      "12": 0,
      "13": 0,
      "14": 0,
      "15": 0,
      "16": 0,
      "17": 0,
      "18": 0,
      "19": 0,
      "20": 0,
      "21": 0,
      "22": 0,
      "23": 0,
      "24": 0,
      "25": 0,
      "26": 0,
      "27": 0,
      "28": 1
    },
    "f": { "0": 0, "1": 0, "2": 0, "3": 0, "4": 0, "5": 0 },
    "b": {
      "0": [0, 0],
      "1": [0, 0],
      "2": [0, 0],
      "3": [0, 0],
      "4": [0, 0],
      "5": [0, 0],
      "6": [0],
      "7": [0, 0],
      "8": [0, 0],
      "9": [0, 0],
      "10": [0, 0],
      "11": [0, 0],
      "12": [0, 0],
      "13": [0],
      "14": [0],
      "15": [0]
    }
  },
  "/Users/millroyfernandes/Development/oauth-server/packages/backend/services/otp.ts": {
    "path": "/Users/millroyfernandes/Development/oauth-server/packages/backend/services/otp.ts",
    "statementMap": {
      "0": {
        "start": { "line": 1, "column": 0 },
        "end": { "line": 1, "column": 40 }
      },
      "1": {
        "start": { "line": 2, "column": 0 },
        "end": { "line": 2, "column": 35 }
      },
      "2": {
        "start": { "line": 10, "column": 4 },
        "end": { "line": 15, "column": 7 }
      },
      "3": {
        "start": { "line": 23, "column": 18 },
        "end": { "line": 23, "column": 23 }
      },
      "4": {
        "start": { "line": 24, "column": 24 },
        "end": { "line": 32, "column": 13 }
      },
      "5": {
        "start": { "line": 33, "column": 4 },
        "end": { "line": 37, "column": 5 }
      },
      "6": {
        "start": { "line": 34, "column": 6 },
        "end": { "line": 35, "column": 75 }
      },
      "7": {
        "start": { "line": 36, "column": 6 },
        "end": { "line": 36, "column": 31 }
      },
      "8": {
        "start": { "line": 38, "column": 4 },
        "end": { "line": 38, "column": 19 }
      },
      "9": {
        "start": { "line": 42, "column": 0 },
        "end": { "line": 42, "column": 26 }
      }
    },
    "fnMap": {
      "0": {
        "name": "(anonymous_8)",
        "decl": {
          "start": { "line": 5, "column": 9 },
          "end": { "line": 5, "column": 15 }
        },
        "loc": {
          "start": { "line": 8, "column": 15 },
          "end": { "line": 16, "column": null }
        }
      },
      "1": {
        "name": "(anonymous_10)",
        "decl": {
          "start": { "line": 18, "column": 9 },
          "end": { "line": 18, "column": 15 }
        },
        "loc": {
          "start": { "line": 21, "column": 15 },
          "end": { "line": 39, "column": null }
        }
      }
    },
    "branchMap": {
      "0": {
        "loc": {
          "start": { "line": 33, "column": 4 },
          "end": { "line": 37, "column": 5 }
        },
        "type": "if",
        "locations": [
          {
            "start": { "line": 33, "column": 4 },
            "end": { "line": 37, "column": 5 }
          }
        ]
      },
      "1": {
        "loc": {
          "start": { "line": 35, "column": 8 },
          "end": { "line": 35, "column": 74 }
        },
        "type": "binary-expr",
        "locations": [
          {
            "start": { "line": 35, "column": 8 },
            "end": { "line": 35, "column": 27 }
          },
          {
            "start": { "line": 35, "column": 31 },
            "end": { "line": 35, "column": 74 }
          }
        ]
      }
    },
    "s": {
      "0": 1,
      "1": 1,
      "2": 0,
      "3": 0,
      "4": 0,
      "5": 0,
      "6": 0,
      "7": 0,
      "8": 0,
      "9": 1
    },
    "f": { "0": 0, "1": 0 },
    "b": { "0": [0], "1": [0, 0] }
  },
  "/Users/millroyfernandes/Development/oauth-server/packages/backend/services/user.ts": {
    "path": "/Users/millroyfernandes/Development/oauth-server/packages/backend/services/user.ts",
    "statementMap": {
      "0": {
        "start": { "line": 2, "column": 0 },
        "end": { "line": 2, "column": 40 }
      },
      "1": {
        "start": { "line": 3, "column": 0 },
        "end": { "line": 3, "column": 30 }
      },
      "2": {
        "start": { "line": 4, "column": 0 },
        "end": { "line": 4, "column": 37 }
      },
      "3": {
        "start": { "line": 5, "column": 0 },
        "end": { "line": 5, "column": 36 }
      },
      "4": {
        "start": { "line": 6, "column": 0 },
        "end": { "line": 6, "column": 51 }
      },
      "5": {
        "start": { "line": 7, "column": 0 },
        "end": { "line": 7, "column": 34 }
      },
      "6": {
        "start": { "line": 8, "column": 0 },
        "end": { "line": 8, "column": 53 }
      },
      "7": {
        "start": { "line": 15, "column": 26 },
        "end": { "line": 15, "column": 70 }
      },
      "8": {
        "start": { "line": 17, "column": 4 },
        "end": { "line": 19, "column": 5 }
      },
      "9": {
        "start": { "line": 18, "column": 6 },
        "end": { "line": 18, "column": 45 }
      },
      "10": {
        "start": { "line": 21, "column": 4 },
        "end": { "line": 23, "column": 5 }
      },
      "11": {
        "start": { "line": 22, "column": 6 },
        "end": { "line": 22, "column": 43 }
      },
      "12": {
        "start": { "line": 25, "column": 28 },
        "end": { "line": 27, "column": null }
      },
      "13": {
        "start": { "line": 30, "column": 4 },
        "end": { "line": 40, "column": 5 }
      },
      "14": {
        "start": { "line": 31, "column": 6 },
        "end": { "line": 31, "column": 36 }
      },
      "15": {
        "start": { "line": 33, "column": 6 },
        "end": { "line": 35, "column": 7 }
      },
      "16": {
        "start": { "line": 34, "column": 8 },
        "end": { "line": 34, "column": 37 }
      },
      "17": {
        "start": { "line": 37, "column": 6 },
        "end": { "line": 37, "column": 31 }
      },
      "18": {
        "start": { "line": 39, "column": 6 },
        "end": { "line": 39, "column": 42 }
      },
      "19": {
        "start": { "line": 42, "column": 4 },
        "end": { "line": 42, "column": 33 }
      },
      "20": {
        "start": { "line": 43, "column": 4 },
        "end": { "line": 43, "column": 42 }
      },
      "21": {
        "start": { "line": 45, "column": 4 },
        "end": { "line": 45, "column": 29 }
      },
      "22": {
        "start": { "line": 47, "column": 4 },
        "end": { "line": 47, "column": 23 }
      },
      "23": {
        "start": { "line": 57, "column": 22 },
        "end": { "line": 57, "column": 28 }
      },
      "24": {
        "start": { "line": 58, "column": 26 },
        "end": { "line": 58, "column": 67 }
      },
      "25": {
        "start": { "line": 60, "column": 4 },
        "end": { "line": 62, "column": 5 }
      },
      "26": {
        "start": { "line": 61, "column": 6 },
        "end": { "line": 61, "column": 45 }
      },
      "27": {
        "start": { "line": 64, "column": 4 },
        "end": { "line": 64, "column": 30 }
      },
      "28": {
        "start": { "line": 68, "column": 25 },
        "end": { "line": 68, "column": 49 }
      },
      "29": {
        "start": { "line": 69, "column": 4 },
        "end": { "line": 69, "column": 24 }
      },
      "30": {
        "start": { "line": 73, "column": 24 },
        "end": { "line": 85, "column": 6 }
      },
      "31": {
        "start": { "line": 87, "column": 4 },
        "end": { "line": 89, "column": 5 }
      },
      "32": {
        "start": { "line": 88, "column": 6 },
        "end": { "line": 88, "column": 46 }
      },
      "33": {
        "start": { "line": 91, "column": 4 },
        "end": { "line": 91, "column": 23 }
      },
      "34": {
        "start": { "line": 95, "column": 19 },
        "end": { "line": 95, "column": 60 }
      },
      "35": {
        "start": { "line": 97, "column": 4 },
        "end": { "line": 99, "column": 5 }
      },
      "36": {
        "start": { "line": 98, "column": 6 },
        "end": { "line": 98, "column": 46 }
      },
      "37": {
        "start": { "line": 100, "column": 4 },
        "end": { "line": 100, "column": 16 }
      },
      "38": {
        "start": { "line": 107, "column": 4 },
        "end": { "line": 107, "column": 45 }
      },
      "39": {
        "start": { "line": 109, "column": 4 },
        "end": { "line": 109, "column": 16 }
      },
      "40": {
        "start": { "line": 113, "column": 4 },
        "end": { "line": 113, "column": 48 }
      },
      "41": {
        "start": { "line": 114, "column": 17 },
        "end": { "line": 114, "column": 47 }
      },
      "42": {
        "start": { "line": 115, "column": 4 },
        "end": { "line": 115, "column": 24 }
      },
      "43": {
        "start": { "line": 116, "column": 4 },
        "end": { "line": 116, "column": 16 }
      },
      "44": {
        "start": { "line": 123, "column": 15 },
        "end": { "line": 123, "column": 19 }
      },
      "45": {
        "start": { "line": 125, "column": 4 },
        "end": { "line": 129, "column": 5 }
      },
      "46": {
        "start": { "line": 126, "column": 6 },
        "end": { "line": 126, "column": 53 }
      },
      "47": {
        "start": { "line": 128, "column": 6 },
        "end": { "line": 128, "column": 38 }
      },
      "48": {
        "start": { "line": 131, "column": 4 },
        "end": { "line": 133, "column": 5 }
      },
      "49": {
        "start": { "line": 132, "column": 6 },
        "end": { "line": 132, "column": 72 }
      },
      "50": {
        "start": { "line": 135, "column": 4 },
        "end": { "line": 138, "column": 6 }
      },
      "51": {
        "start": { "line": 142, "column": 17 },
        "end": { "line": 142, "column": 56 }
      },
      "52": {
        "start": { "line": 144, "column": 16 },
        "end": { "line": 144, "column": 29 }
      },
      "53": {
        "start": { "line": 145, "column": 4 },
        "end": { "line": 145, "column": 57 }
      },
      "54": {
        "start": { "line": 146, "column": 4 },
        "end": { "line": 150, "column": 6 }
      },
      "55": {
        "start": { "line": 154, "column": 17 },
        "end": { "line": 154, "column": 39 }
      },
      "56": {
        "start": { "line": 156, "column": 4 },
        "end": { "line": 158, "column": 5 }
      },
      "57": {
        "start": { "line": 157, "column": 6 },
        "end": { "line": 157, "column": 45 }
      },
      "58": {
        "start": { "line": 160, "column": 4 },
        "end": { "line": 162, "column": 5 }
      },
      "59": {
        "start": { "line": 161, "column": 6 },
        "end": { "line": 161, "column": 37 }
      },
      "60": {
        "start": { "line": 164, "column": 4 },
        "end": { "line": 164, "column": 30 }
      },
      "61": {
        "start": { "line": 166, "column": 4 },
        "end": { "line": 166, "column": 22 }
      },
      "62": {
        "start": { "line": 170, "column": 17 },
        "end": { "line": 170, "column": 56 }
      },
      "63": {
        "start": { "line": 172, "column": 16 },
        "end": { "line": 172, "column": 29 }
      },
      "64": {
        "start": { "line": 173, "column": 4 },
        "end": { "line": 173, "column": 57 }
      },
      "65": {
        "start": { "line": 174, "column": 4 },
        "end": { "line": 178, "column": 6 }
      },
      "66": {
        "start": { "line": 186, "column": 17 },
        "end": { "line": 186, "column": 56 }
      },
      "67": {
        "start": { "line": 188, "column": 4 },
        "end": { "line": 190, "column": 5 }
      },
      "68": {
        "start": { "line": 189, "column": 6 },
        "end": { "line": 189, "column": 37 }
      },
      "69": {
        "start": { "line": 192, "column": 4 },
        "end": { "line": 192, "column": 29 }
      },
      "70": {
        "start": { "line": 194, "column": 4 },
        "end": { "line": 194, "column": 22 }
      },
      "71": {
        "start": { "line": 198, "column": 0 },
        "end": { "line": 198, "column": 27 }
      }
    },
    "fnMap": {
      "0": {
        "name": "(anonymous_8)",
        "decl": {
          "start": { "line": 11, "column": 9 },
          "end": { "line": 11, "column": 15 }
        },
        "loc": {
          "start": { "line": 13, "column": 20 },
          "end": { "line": 48, "column": null }
        }
      },
      "1": {
        "name": "(anonymous_10)",
        "decl": {
          "start": { "line": 50, "column": 9 },
          "end": { "line": 50, "column": 15 }
        },
        "loc": {
          "start": { "line": 56, "column": 3 },
          "end": { "line": 65, "column": null }
        }
      },
      "2": {
        "name": "(anonymous_12)",
        "decl": {
          "start": { "line": 67, "column": 9 },
          "end": { "line": 67, "column": 15 }
        },
        "loc": {
          "start": { "line": 67, "column": 30 },
          "end": { "line": 70, "column": null }
        }
      },
      "3": {
        "name": "(anonymous_14)",
        "decl": {
          "start": { "line": 72, "column": 9 },
          "end": { "line": 72, "column": 15 }
        },
        "loc": {
          "start": { "line": 72, "column": 44 },
          "end": { "line": 92, "column": null }
        }
      },
      "4": {
        "name": "(anonymous_16)",
        "decl": {
          "start": { "line": 94, "column": 9 },
          "end": { "line": 94, "column": 15 }
        },
        "loc": {
          "start": { "line": 94, "column": 50 },
          "end": { "line": 101, "column": null }
        }
      },
      "5": {
        "name": "(anonymous_18)",
        "decl": {
          "start": { "line": 103, "column": 9 },
          "end": { "line": 103, "column": 15 }
        },
        "loc": {
          "start": { "line": 105, "column": 22 },
          "end": { "line": 110, "column": null }
        }
      },
      "6": {
        "name": "(anonymous_20)",
        "decl": {
          "start": { "line": 112, "column": 9 },
          "end": { "line": 112, "column": 15 }
        },
        "loc": {
          "start": { "line": 112, "column": 47 },
          "end": { "line": 117, "column": null }
        }
      },
      "7": {
        "name": "(anonymous_22)",
        "decl": {
          "start": { "line": 119, "column": 9 },
          "end": { "line": 119, "column": 15 }
        },
        "loc": {
          "start": { "line": 119, "column": 57 },
          "end": { "line": 139, "column": null }
        }
      },
      "8": {
        "name": "(anonymous_24)",
        "decl": {
          "start": { "line": 141, "column": 9 },
          "end": { "line": 141, "column": 15 }
        },
        "loc": {
          "start": { "line": 141, "column": 60 },
          "end": { "line": 151, "column": null }
        }
      },
      "9": {
        "name": "(anonymous_26)",
        "decl": {
          "start": { "line": 153, "column": 9 },
          "end": { "line": 153, "column": 15 }
        },
        "loc": {
          "start": { "line": 153, "column": 61 },
          "end": { "line": 167, "column": null }
        }
      },
      "10": {
        "name": "(anonymous_28)",
        "decl": {
          "start": { "line": 169, "column": 9 },
          "end": { "line": 169, "column": 15 }
        },
        "loc": {
          "start": { "line": 169, "column": 56 },
          "end": { "line": 179, "column": null }
        }
      },
      "11": {
        "name": "(anonymous_30)",
        "decl": {
          "start": { "line": 181, "column": 9 },
          "end": { "line": 181, "column": 15 }
        },
        "loc": {
          "start": { "line": 184, "column": 20 },
          "end": { "line": 195, "column": null }
        }
      }
    },
    "branchMap": {
      "0": {
        "loc": {
          "start": { "line": 17, "column": 4 },
          "end": { "line": 19, "column": 5 }
        },
        "type": "if",
        "locations": [
          {
            "start": { "line": 17, "column": 4 },
            "end": { "line": 19, "column": 5 }
          }
        ]
      },
      "1": {
        "loc": {
          "start": { "line": 21, "column": 4 },
          "end": { "line": 23, "column": 5 }
        },
        "type": "if",
        "locations": [
          {
            "start": { "line": 21, "column": 4 },
            "end": { "line": 23, "column": 5 }
          }
        ]
      },
      "2": {
        "loc": {
          "start": { "line": 30, "column": 4 },
          "end": { "line": 40, "column": 5 }
        },
        "type": "if",
        "locations": [
          {
            "start": { "line": 30, "column": 4 },
            "end": { "line": 40, "column": 5 }
          }
        ]
      },
      "3": {
        "loc": {
          "start": { "line": 33, "column": 6 },
          "end": { "line": 35, "column": 7 }
        },
        "type": "if",
        "locations": [
          {
            "start": { "line": 33, "column": 6 },
            "end": { "line": 35, "column": 7 }
          }
        ]
      },
      "4": {
        "loc": {
          "start": { "line": 60, "column": 4 },
          "end": { "line": 62, "column": 5 }
        },
        "type": "if",
        "locations": [
          {
            "start": { "line": 60, "column": 4 },
            "end": { "line": 62, "column": 5 }
          }
        ]
      },
      "5": {
        "loc": {
          "start": { "line": 87, "column": 4 },
          "end": { "line": 89, "column": 5 }
        },
        "type": "if",
        "locations": [
          {
            "start": { "line": 87, "column": 4 },
            "end": { "line": 89, "column": 5 }
          }
        ]
      },
      "6": {
        "loc": {
          "start": { "line": 97, "column": 4 },
          "end": { "line": 99, "column": 5 }
        },
        "type": "if",
        "locations": [
          {
            "start": { "line": 97, "column": 4 },
            "end": { "line": 99, "column": 5 }
          }
        ]
      },
      "7": {
        "loc": {
          "start": { "line": 131, "column": 4 },
          "end": { "line": 133, "column": 5 }
        },
        "type": "if",
        "locations": [
          {
            "start": { "line": 131, "column": 4 },
            "end": { "line": 133, "column": 5 }
          }
        ]
      },
      "8": {
        "loc": {
          "start": { "line": 156, "column": 4 },
          "end": { "line": 158, "column": 5 }
        },
        "type": "if",
        "locations": [
          {
            "start": { "line": 156, "column": 4 },
            "end": { "line": 158, "column": 5 }
          }
        ]
      },
      "9": {
        "loc": {
          "start": { "line": 160, "column": 4 },
          "end": { "line": 162, "column": 5 }
        },
        "type": "if",
        "locations": [
          {
            "start": { "line": 160, "column": 4 },
            "end": { "line": 162, "column": 5 }
          }
        ]
      },
      "10": {
        "loc": {
          "start": { "line": 188, "column": 4 },
          "end": { "line": 190, "column": 5 }
        },
        "type": "if",
        "locations": [
          {
            "start": { "line": 188, "column": 4 },
            "end": { "line": 190, "column": 5 }
          }
        ]
      }
    },
    "s": {
      "0": 1,
      "1": 1,
      "2": 1,
      "3": 1,
      "4": 1,
      "5": 1,
      "6": 1,
      "7": 4,
      "8": 4,
      "9": 1,
      "10": 3,
      "11": 1,
      "12": 2,
      "13": 2,
      "14": 1,
      "15": 1,
      "16": 0,
      "17": 1,
      "18": 1,
      "19": 1,
      "20": 1,
      "21": 1,
      "22": 1,
      "23": 2,
      "24": 2,
      "25": 2,
      "26": 1,
      "27": 1,
      "28": 0,
      "29": 0,
      "30": 0,
      "31": 0,
      "32": 0,
      "33": 0,
      "34": 4,
      "35": 4,
      "36": 1,
      "37": 3,
      "38": 0,
      "39": 0,
      "40": 0,
      "41": 0,
      "42": 0,
      "43": 0,
      "44": 0,
      "45": 0,
      "46": 0,
      "47": 0,
      "48": 0,
      "49": 0,
      "50": 0,
      "51": 0,
      "52": 0,
      "53": 0,
      "54": 0,
      "55": 0,
      "56": 0,
      "57": 0,
      "58": 0,
      "59": 0,
      "60": 0,
      "61": 0,
      "62": 0,
      "63": 0,
      "64": 0,
      "65": 0,
      "66": 2,
      "67": 2,
      "68": 1,
      "69": 1,
      "70": 1,
      "71": 1
    },
    "f": {
      "0": 4,
      "1": 2,
      "2": 0,
      "3": 0,
      "4": 4,
      "5": 0,
      "6": 0,
      "7": 0,
      "8": 0,
      "9": 0,
      "10": 0,
      "11": 2
    },
    "b": {
      "0": [1],
      "1": [1],
      "2": [1],
      "3": [0],
      "4": [1],
      "5": [0],
      "6": [1],
      "7": [0],
      "8": [0],
      "9": [0],
      "10": [1]
    }
  },
  "/Users/millroyfernandes/Development/oauth-server/packages/backend/support/env-config.ts": {
    "path": "/Users/millroyfernandes/Development/oauth-server/packages/backend/support/env-config.ts",
    "statementMap": {
      "0": {
        "start": { "line": 1, "column": 0 },
        "end": { "line": 1, "column": 28 }
      },
      "1": {
        "start": { "line": 2, "column": 0 },
        "end": { "line": 2, "column": 30 }
      },
      "2": {
        "start": { "line": 4, "column": 0 },
        "end": { "line": 4, "column": 16 }
      },
      "3": {
        "start": { "line": 6, "column": 15 },
        "end": { "line": 132, "column": 2 }
      },
      "4": {
        "start": { "line": 134, "column": 0 },
        "end": { "line": 134, "column": 39 }
      },
      "5": {
        "start": { "line": 136, "column": 0 },
        "end": { "line": 136, "column": 22 }
      }
    },
    "fnMap": {},
    "branchMap": {},
    "s": { "0": 3, "1": 3, "2": 3, "3": 3, "4": 3, "5": 3 },
    "f": {},
    "b": {}
  },
  "/Users/millroyfernandes/Development/oauth-server/packages/backend/utils/encryption.ts": {
    "path": "/Users/millroyfernandes/Development/oauth-server/packages/backend/utils/encryption.ts",
    "statementMap": {
      "0": {
        "start": { "line": 23, "column": 0 },
        "end": { "line": 23, "column": 16 }
      },
      "1": {
        "start": { "line": 30, "column": 0 },
        "end": { "line": 30, "column": 16 }
      },
      "2": {
        "start": { "line": 1, "column": 0 },
        "end": { "line": 1, "column": 28 }
      },
      "3": {
        "start": { "line": 2, "column": 0 },
        "end": { "line": 2, "column": 46 }
      },
      "4": {
        "start": { "line": 4, "column": 28 },
        "end": { "line": 4, "column": 59 }
      },
      "5": {
        "start": { "line": 5, "column": 27 },
        "end": { "line": 5, "column": 60 }
      },
      "6": {
        "start": { "line": 6, "column": 25 },
        "end": { "line": 6, "column": 56 }
      },
      "7": {
        "start": { "line": 8, "column": 0 },
        "end": { "line": 10, "column": 1 }
      },
      "8": {
        "start": { "line": 9, "column": 2 },
        "end": { "line": 9, "column": 50 }
      },
      "9": {
        "start": { "line": 12, "column": 12 },
        "end": { "line": 16, "column": 19 }
      },
      "10": {
        "start": { "line": 17, "column": 21 },
        "end": { "line": 21, "column": 19 }
      },
      "11": {
        "start": { "line": 24, "column": 17 },
        "end": { "line": 24, "column": 75 }
      },
      "12": {
        "start": { "line": 25, "column": 2 },
        "end": { "line": 27, "column": 23 }
      },
      "13": {
        "start": { "line": 31, "column": 15 },
        "end": { "line": 31, "column": 51 }
      },
      "14": {
        "start": { "line": 32, "column": 19 },
        "end": { "line": 32, "column": 79 }
      },
      "15": {
        "start": { "line": 33, "column": 2 },
        "end": { "line": 36, "column": 4 }
      }
    },
    "fnMap": {
      "0": {
        "name": "encryptData",
        "decl": {
          "start": { "line": 23, "column": 16 },
          "end": { "line": 23, "column": 27 }
        },
        "loc": {
          "start": { "line": 23, "column": 40 },
          "end": { "line": 28, "column": 1 }
        }
      },
      "1": {
        "name": "decryptData",
        "decl": {
          "start": { "line": 30, "column": 16 },
          "end": { "line": 30, "column": 27 }
        },
        "loc": {
          "start": { "line": 30, "column": 49 },
          "end": { "line": 37, "column": 1 }
        }
      }
    },
    "branchMap": {
      "0": {
        "loc": {
          "start": { "line": 8, "column": 0 },
          "end": { "line": 10, "column": 1 }
        },
        "type": "if",
        "locations": [
          {
            "start": { "line": 8, "column": 0 },
            "end": { "line": 10, "column": 1 }
          }
        ]
      },
      "1": {
        "loc": {
          "start": { "line": 8, "column": 4 },
          "end": { "line": 8, "column": 68 }
        },
        "type": "binary-expr",
        "locations": [
          {
            "start": { "line": 8, "column": 4 },
            "end": { "line": 8, "column": 24 }
          },
          {
            "start": { "line": 8, "column": 28 },
            "end": { "line": 8, "column": 47 }
          },
          {
            "start": { "line": 8, "column": 51 },
            "end": { "line": 8, "column": 68 }
          }
        ]
      }
    },
    "s": {
      "0": 2,
      "1": 2,
      "2": 2,
      "3": 2,
      "4": 2,
      "5": 2,
      "6": 2,
      "7": 2,
      "8": 0,
      "9": 2,
      "10": 2,
      "11": 0,
      "12": 0,
      "13": 0,
      "14": 0,
      "15": 0
    },
    "f": { "0": 0, "1": 0 },
    "b": { "0": [0], "1": [2, 2, 2] }
  },
  "/Users/millroyfernandes/Development/oauth-server/packages/backend/utils/generate-otp.ts": {
    "path": "/Users/millroyfernandes/Development/oauth-server/packages/backend/utils/generate-otp.ts",
    "statementMap": {
      "0": {
        "start": { "line": 1, "column": 20 },
        "end": { "line": 2, "column": 56 }
      },
      "1": {
        "start": { "line": 2, "column": 2 },
        "end": { "line": 2, "column": 56 }
      },
      "2": {
        "start": { "line": 3, "column": 0 },
        "end": { "line": 3, "column": 27 }
      }
    },
    "fnMap": {
      "0": {
        "name": "(anonymous_0)",
        "decl": {
          "start": { "line": 1, "column": 20 },
          "end": { "line": 1, "column": 23 }
        },
        "loc": {
          "start": { "line": 2, "column": 2 },
          "end": { "line": 2, "column": 56 }
        }
      }
    },
    "branchMap": {},
    "s": { "0": 1, "1": 0, "2": 1 },
    "f": { "0": 0 },
    "b": {}
  },
  "/Users/millroyfernandes/Development/oauth-server/packages/backend/utils/notification.ts": {
    "path": "/Users/millroyfernandes/Development/oauth-server/packages/backend/utils/notification.ts",
    "statementMap": {
      "0": {
        "start": { "line": 1, "column": 0 },
        "end": { "line": 1, "column": 36 }
      },
      "1": {
        "start": { "line": 2, "column": 0 },
        "end": { "line": 2, "column": 64 }
      },
      "2": {
        "start": { "line": 3, "column": 0 },
        "end": { "line": 3, "column": 46 }
      },
      "3": {
        "start": { "line": 5, "column": 20 },
        "end": { "line": 11, "column": 2 }
      },
      "4": {
        "start": { "line": 13, "column": 15 },
        "end": { "line": 19, "column": 2 }
      },
      "5": {
        "start": { "line": 21, "column": 23 },
        "end": { "line": 42, "column": 2 }
      },
      "6": {
        "start": { "line": 24, "column": 19 },
        "end": { "line": 42, "column": 2 }
      },
      "7": {
        "start": { "line": 25, "column": 2 },
        "end": { "line": 41, "column": 3 }
      },
      "8": {
        "start": { "line": 26, "column": 19 },
        "end": { "line": 35, "column": 6 }
      },
      "9": {
        "start": { "line": 36, "column": 21 },
        "end": { "line": 36, "column": 66 }
      },
      "10": {
        "start": { "line": 37, "column": 4 },
        "end": { "line": 37, "column": 26 }
      },
      "11": {
        "start": { "line": 39, "column": 4 },
        "end": { "line": 39, "column": 21 }
      },
      "12": {
        "start": { "line": 40, "column": 4 },
        "end": { "line": 40, "column": 42 }
      },
      "13": {
        "start": { "line": 21, "column": 13 },
        "end": { "line": 21, "column": 23 }
      },
      "14": {
        "start": { "line": 44, "column": 25 },
        "end": { "line": 62, "column": 2 }
      },
      "15": {
        "start": { "line": 48, "column": 4 },
        "end": { "line": 62, "column": 2 }
      },
      "16": {
        "start": { "line": 49, "column": 22 },
        "end": { "line": 54, "column": 4 }
      },
      "17": {
        "start": { "line": 56, "column": 2 },
        "end": { "line": 61, "column": 5 }
      },
      "18": {
        "start": { "line": 57, "column": 4 },
        "end": { "line": 60, "column": 5 }
      },
      "19": {
        "start": { "line": 58, "column": 6 },
        "end": { "line": 58, "column": 25 }
      },
      "20": {
        "start": { "line": 59, "column": 6 },
        "end": { "line": 59, "column": 46 }
      },
      "21": {
        "start": { "line": 44, "column": 13 },
        "end": { "line": 44, "column": 25 }
      }
    },
    "fnMap": {
      "0": {
        "name": "(anonymous_8)",
        "decl": {
          "start": { "line": 21, "column": 23 },
          "end": { "line": 21, "column": null }
        },
        "loc": {
          "start": { "line": 24, "column": 19 },
          "end": { "line": 42, "column": 2 }
        }
      },
      "1": {
        "name": "(anonymous_9)",
        "decl": {
          "start": { "line": 24, "column": 19 },
          "end": { "line": 24, "column": null }
        },
        "loc": {
          "start": { "line": 24, "column": 19 },
          "end": { "line": 42, "column": 1 }
        }
      },
      "2": {
        "name": "(anonymous_10)",
        "decl": {
          "start": { "line": 44, "column": 25 },
          "end": { "line": 44, "column": null }
        },
        "loc": {
          "start": { "line": 48, "column": 4 },
          "end": { "line": 62, "column": 2 }
        }
      },
      "3": {
        "name": "(anonymous_11)",
        "decl": {
          "start": { "line": 48, "column": 4 },
          "end": { "line": 48, "column": null }
        },
        "loc": {
          "start": { "line": 48, "column": 4 },
          "end": { "line": 62, "column": 1 }
        }
      },
      "4": {
        "name": "(anonymous_12)",
        "decl": {
          "start": { "line": 56, "column": 36 },
          "end": { "line": 56, "column": 46 }
        },
        "loc": {
          "start": { "line": 56, "column": 57 },
          "end": { "line": 61, "column": 3 }
        }
      }
    },
    "branchMap": {
      "0": {
        "loc": {
          "start": { "line": 57, "column": 4 },
          "end": { "line": 60, "column": 5 }
        },
        "type": "if",
        "locations": [
          {
            "start": { "line": 57, "column": 4 },
            "end": { "line": 60, "column": 5 }
          }
        ]
      }
    },
    "s": {
      "0": 1,
      "1": 1,
      "2": 1,
      "3": 1,
      "4": 1,
      "5": 1,
      "6": 0,
      "7": 0,
      "8": 0,
      "9": 0,
      "10": 0,
      "11": 0,
      "12": 0,
      "13": 1,
      "14": 1,
      "15": 0,
      "16": 0,
      "17": 0,
      "18": 0,
      "19": 0,
      "20": 0,
      "21": 1
    },
    "f": { "0": 0, "1": 0, "2": 0, "3": 0, "4": 0 },
    "b": { "0": [0] }
  }
}
