TN:
SF:models/OIDCStore.ts
FNF:0
FNH:0
DA:1,1
DA:3,1
DA:5,1
DA:32,1
DA:42,1
LF:5
LH:5
BRF:0
BRH:0
end_of_record
TN:
SF:models/OTP.ts
FN:14,(anonymous_1)
FN:18,(anonymous_2)
FN:20,(anonymous_3)
FNF:3
FNH:0
FNDA:0,(anonymous_1)
FNDA:0,(anonymous_2)
FNDA:0,(anonymous_3)
DA:1,1
DA:2,1
DA:3,1
DA:5,1
DA:7,1
DA:9,1
DA:14,0
DA:19,0
DA:21,0
DA:37,1
DA:47,1
LF:11
LH:8
BRDA:19,0,0,0
BRDA:19,0,1,0
BRDA:21,1,0,0
BRDA:21,1,1,0
BRF:4
BRH:0
end_of_record
TN:
SF:models/User.ts
FN:14,(anonymous_8)
FN:42,(anonymous_9)
FN:42,(anonymous_10)
FN:71,(anonymous_11)
FN:73,(anonymous_12)
FNF:5
FNH:0
FNDA:0,(anonymous_8)
FNDA:0,(anonymous_9)
FNDA:0,(anonymous_10)
FNDA:0,(anonymous_11)
FNDA:0,(anonymous_12)
DA:1,1
DA:2,1
DA:3,1
DA:5,1
DA:7,1
DA:9,1
DA:14,0
DA:42,0
DA:43,0
DA:44,0
DA:47,0
DA:48,0
DA:51,0
DA:52,0
DA:53,0
DA:72,0
DA:74,0
DA:139,1
DA:141,1
LF:19
LH:8
BRDA:43,0,0,0
BRDA:47,1,0,0
BRDA:72,2,0,0
BRDA:72,2,1,0
BRDA:74,3,0,0
BRDA:74,3,1,0
BRF:6
BRH:0
end_of_record
TN:
SF:services/oidc.ts
FN:15,(anonymous_8)
FN:22,(anonymous_10)
FN:32,(anonymous_11)
FN:45,(anonymous_13)
FN:78,(anonymous_15)
FN:82,(anonymous_17)
FNF:6
FNH:0
FNDA:0,(anonymous_8)
FNDA:0,(anonymous_10)
FNDA:0,(anonymous_11)
FNDA:0,(anonymous_13)
FNDA:0,(anonymous_15)
FNDA:0,(anonymous_17)
DA:4,1
DA:16,0
DA:22,0
DA:29,0
DA:33,0
DA:40,0
DA:42,0
DA:46,0
DA:48,0
DA:49,0
DA:51,0
DA:52,0
DA:54,0
DA:55,0
DA:56,0
DA:57,0
DA:61,0
DA:68,0
DA:69,0
DA:72,0
DA:75,0
DA:81,0
DA:82,0
DA:83,0
DA:84,0
DA:87,0
DA:88,0
DA:95,1
LF:28
LH:2
BRDA:25,0,0,0
BRDA:25,0,1,0
BRDA:25,1,0,0
BRDA:25,1,1,0
BRDA:25,2,0,0
BRDA:25,2,1,0
BRDA:25,3,0,0
BRDA:25,3,1,0
BRDA:25,4,0,0
BRDA:25,4,1,0
BRDA:25,5,0,0
BRDA:25,5,1,0
BRDA:48,6,0,0
BRDA:49,7,0,0
BRDA:49,7,1,0
BRDA:49,8,0,0
BRDA:49,8,1,0
BRDA:49,9,0,0
BRDA:49,9,1,0
BRDA:49,10,0,0
BRDA:49,10,1,0
BRDA:49,11,0,0
BRDA:49,11,1,0
BRDA:49,12,0,0
BRDA:49,12,1,0
BRDA:54,13,0,0
BRDA:68,14,0,0
BRDA:81,15,0,0
BRF:28
BRH:0
end_of_record
TN:
SF:services/otp.ts
FN:5,(anonymous_8)
FN:18,(anonymous_10)
FNF:2
FNH:0
FNDA:0,(anonymous_8)
FNDA:0,(anonymous_10)
DA:1,1
DA:2,1
DA:10,0
DA:23,0
DA:24,0
DA:33,0
DA:34,0
DA:36,0
DA:38,0
DA:42,1
LF:10
LH:3
BRDA:33,0,0,0
BRDA:35,1,0,0
BRDA:35,1,1,0
BRF:3
BRH:0
end_of_record
TN:
SF:services/user.ts
FN:11,(anonymous_8)
FN:50,(anonymous_10)
FN:67,(anonymous_12)
FN:72,(anonymous_14)
FN:94,(anonymous_16)
FN:103,(anonymous_18)
FN:112,(anonymous_20)
FN:119,(anonymous_22)
FN:141,(anonymous_24)
FN:153,(anonymous_26)
FN:169,(anonymous_28)
FN:181,(anonymous_30)
FNF:12
FNH:4
FNDA:4,(anonymous_8)
FNDA:2,(anonymous_10)
FNDA:0,(anonymous_12)
FNDA:0,(anonymous_14)
FNDA:4,(anonymous_16)
FNDA:0,(anonymous_18)
FNDA:0,(anonymous_20)
FNDA:0,(anonymous_22)
FNDA:0,(anonymous_24)
FNDA:0,(anonymous_26)
FNDA:0,(anonymous_28)
FNDA:2,(anonymous_30)
DA:2,1
DA:3,1
DA:4,1
DA:5,1
DA:6,1
DA:7,1
DA:8,1
DA:15,4
DA:17,4
DA:18,1
DA:21,3
DA:22,1
DA:25,2
DA:30,2
DA:31,1
DA:33,1
DA:34,0
DA:37,1
DA:39,1
DA:42,1
DA:43,1
DA:45,1
DA:47,1
DA:57,2
DA:58,2
DA:60,2
DA:61,1
DA:64,1
DA:68,0
DA:69,0
DA:73,0
DA:87,0
DA:88,0
DA:91,0
DA:95,4
DA:97,4
DA:98,1
DA:100,3
DA:107,0
DA:109,0
DA:113,0
DA:114,0
DA:115,0
DA:116,0
DA:123,0
DA:125,0
DA:126,0
DA:128,0
DA:131,0
DA:132,0
DA:135,0
DA:142,0
DA:144,0
DA:145,0
DA:146,0
DA:154,0
DA:156,0
DA:157,0
DA:160,0
DA:161,0
DA:164,0
DA:166,0
DA:170,0
DA:172,0
DA:173,0
DA:174,0
DA:186,2
DA:188,2
DA:189,1
DA:192,1
DA:194,1
DA:198,1
LF:72
LH:37
BRDA:17,0,0,1
BRDA:21,1,0,1
BRDA:30,2,0,1
BRDA:33,3,0,0
BRDA:60,4,0,1
BRDA:87,5,0,0
BRDA:97,6,0,1
BRDA:131,7,0,0
BRDA:156,8,0,0
BRDA:160,9,0,0
BRDA:188,10,0,1
BRF:11
BRH:6
end_of_record
TN:
SF:support/env-config.ts
FNF:0
FNH:0
DA:1,3
DA:2,3
DA:4,3
DA:6,3
DA:134,3
DA:136,3
LF:6
LH:6
BRF:0
BRH:0
end_of_record
TN:
SF:utils/encryption.ts
FN:23,encryptData
FN:30,decryptData
FNF:2
FNH:0
FNDA:0,encryptData
FNDA:0,decryptData
DA:1,2
DA:2,2
DA:4,2
DA:5,2
DA:6,2
DA:8,2
DA:9,0
DA:12,2
DA:17,2
DA:23,2
DA:24,0
DA:25,0
DA:30,2
DA:31,0
DA:32,0
DA:33,0
LF:16
LH:10
BRDA:8,0,0,0
BRDA:8,1,0,2
BRDA:8,1,1,2
BRDA:8,1,2,2
BRF:4
BRH:3
end_of_record
TN:
SF:utils/generate-otp.ts
FN:1,(anonymous_0)
FNF:1
FNH:0
FNDA:0,(anonymous_0)
DA:1,1
DA:2,0
DA:3,1
LF:3
LH:2
BRF:0
BRH:0
end_of_record
TN:
SF:utils/notification.ts
FN:21,(anonymous_8)
FN:24,(anonymous_9)
FN:44,(anonymous_10)
FN:48,(anonymous_11)
FN:56,(anonymous_12)
FNF:5
FNH:0
FNDA:0,(anonymous_8)
FNDA:0,(anonymous_9)
FNDA:0,(anonymous_10)
FNDA:0,(anonymous_11)
FNDA:0,(anonymous_12)
DA:1,1
DA:2,1
DA:3,1
DA:5,1
DA:13,1
DA:21,1
DA:24,0
DA:25,0
DA:26,0
DA:36,0
DA:37,0
DA:39,0
DA:40,0
DA:44,1
DA:48,0
DA:49,0
DA:56,0
DA:57,0
DA:58,0
DA:59,0
LF:20
LH:7
BRDA:57,0,0,0
BRF:1
BRH:0
end_of_record
